<?xml version="1.0" encoding="UTF-8"?>
<!-- Generated by org.testng.reporters.JUnitReportReporter -->
<testsuite hostname="DESKTOP-5EVK54D" failures="0" tests="6" name="complexjson.JsonFileValidation" time="6.082" errors="0" timestamp="2023-02-18T08:20:37 IST" skipped="0">
  <testcase classname="complexjson.JsonFileValidation" name="getPurchaseAmount" time="4.356"/>
  <system-out/>
  <testcase classname="complexjson.JsonFileValidation" name="getCourseCount" time="0.107"/>
  <system-out/>
  <testcase classname="complexjson.JsonFileValidation" name="getfirstCourseTitle" time="0.297"/>
  <system-out/>
  <testcase classname="complexjson.JsonFileValidation" name="getCourseTitleWithPrice" time="0.563"/>
  <system-out/>
  <testcase classname="complexjson.JsonFileValidation" name="getCourseCopies" time="0.283"/>
  <system-out/>
  <testcase classname="complexjson.JsonFileValidation" name="validateTotalPrice" time="0.476"/>
  <system-out/>
</testsuite> <!-- complexjson.JsonFileValidation -->
