<?xml version="1.0" encoding="UTF-8"?>
<!-- Generated by org.testng.reporters.JUnitReportReporter -->
<testsuite hostname="DESKTOP-5EVK54D" failures="0" tests="2" name="basic.POST_CreateUserModified" time="8.394" errors="0" timestamp="2023-02-16T08:29:42 IST" skipped="0">
  <testcase classname="basic.POST_CreateUserModified" name="createUser" time="6.877"/>
  <system-out/>
  <testcase classname="basic.POST_CreateUserModified" name="getUserDetails" time="1.517"/>
  <system-out/>
</testsuite> <!-- basic.POST_CreateUserModified -->
