<?xml version="1.0" encoding="UTF-8"?>
<!-- Generated by org.testng.reporters.JUnitReportReporter -->
<testsuite hostname="DESKTOP-5EVK54D" failures="0" tests="1" name="ecomapi.Login" time="5.964" errors="0" timestamp="2023-02-21T09:03:51 IST" skipped="0">
  <testcase classname="ecomapi.Login" name="loginToApp" time="5.964"/>
  <system-out/>
</testsuite> <!-- ecomapi.Login -->
