<?xml version="1.0" encoding="UTF-8"?>
<!-- Generated by org.testng.reporters.JUnitReportReporter -->
<testsuite hostname="DESKTOP-5EVK54D" failures="0" tests="1" name="serializeanddeserialize.CreateUser" time="7.373" errors="0" timestamp="2023-02-19T09:04:45 IST" skipped="0">
  <testcase classname="serializeanddeserialize.CreateUser" name="createUser" time="7.373"/>
  <system-out/>
</testsuite> <!-- serializeanddeserialize.CreateUser -->
