<?xml version="1.0" encoding="UTF-8"?>
<!-- Generated by org.testng.reporters.JUnitReportReporter -->
<testsuite hostname="DESKTOP-5EVK54D" failures="0" tests="1" name="basic.GET_ListOfUsers" time="5.259" errors="0" timestamp="2023-02-16T08:52:56 IST" skipped="0">
  <testcase classname="basic.GET_ListOfUsers" name="getList" time="5.259"/>
  <system-out/>
</testsuite> <!-- basic.GET_ListOfUsers -->
