<?xml version="1.0" encoding="UTF-8"?>
<!-- Generated by org.testng.reporters.JUnitReportReporter -->
<testsuite hostname="DESKTOP-5EVK54D" failures="0" tests="1" name="petstore.MultiRequestWithSpecBuilder" time="7.410" errors="0" timestamp="2023-02-19T08:27:07 IST" skipped="0">
  <testcase classname="petstore.MultiRequestWithSpecBuilder" name="createUser" time="7.410"/>
  <system-out/>
</testsuite> <!-- petstore.MultiRequestWithSpecBuilder -->
