<?xml version="1.0" encoding="UTF-8"?>
<!-- Generated by org.testng.reporters.JUnitReportReporter -->
<testsuite hostname="DESKTOP-5EVK54D" failures="0" tests="1" name="petstore.MultiRequestWithSpecBuilder" time="5.642" errors="0" timestamp="2023-02-18T09:04:26 IST" skipped="0">
  <testcase classname="petstore.MultiRequestWithSpecBuilder" name="createUser" time="5.642"/>
  <system-out/>
</testsuite> <!-- petstore.MultiRequestWithSpecBuilder -->
