<?xml version="1.0" encoding="UTF-8"?>
<!-- Generated by org.testng.reporters.JUnitReportReporter -->
<testsuite hostname="DESKTOP-5EVK54D" failures="0" tests="1" name="basic.GetSingleUser" time="4.831" errors="0" timestamp="2023-02-15T08:36:36 IST" skipped="0">
  <testcase classname="basic.GetSingleUser" name="getUser" time="4.831"/>
  <system-out/>
</testsuite> <!-- basic.GetSingleUser -->
