<?xml version="1.0" encoding="UTF-8"?>
<!-- Generated by org.testng.reporters.JUnitReportReporter -->
<testsuite hostname="DESKTOP-5EVK54D" failures="0" tests="1" name="basic.GetListOfUser" time="4.480" errors="0" timestamp="2023-02-16T08:40:13 IST" skipped="0">
  <testcase classname="basic.GetListOfUser" name="getUsers" time="4.480"/>
  <system-out/>
</testsuite> <!-- basic.GetListOfUser -->
