<?xml version="1.0" encoding="UTF-8"?>
<!-- Generated by org.testng.reporters.JUnitReportReporter -->
<testsuite hostname="DESKTOP-5EVK54D" failures="0" tests="1" name="basic.POST_CreateUser" time="5.511" errors="0" timestamp="2023-02-15T08:57:19 IST" skipped="0">
  <testcase classname="basic.POST_CreateUser" name="createUser" time="5.511"/>
  <system-out/>
</testsuite> <!-- basic.POST_CreateUser -->
