<?xml version="1.0" encoding="UTF-8"?>
<!-- Generated by org.testng.reporters.JUnitReportReporter -->
<testsuite hostname="DESKTOP-5EVK54D" failures="0" tests="5" name="complexjson.JsonFileValidation" time="4.024" errors="0" timestamp="2023-02-17T08:53:43 IST" skipped="0">
  <testcase classname="complexjson.JsonFileValidation" name="getPurchaseAmount" time="3.100"/>
  <system-out/>
  <testcase classname="complexjson.JsonFileValidation" name="getCourseCount" time="0.151"/>
  <system-out/>
  <testcase classname="complexjson.JsonFileValidation" name="getfirstCourseTitle" time="0.177"/>
  <system-out/>
  <testcase classname="complexjson.JsonFileValidation" name="getCourseTitleWithPrice" time="0.361"/>
  <system-out/>
  <testcase classname="complexjson.JsonFileValidation" name="getCourseCopies" time="0.235"/>
  <system-out/>
</testsuite> <!-- complexjson.JsonFileValidation -->
