<?xml version="1.0" encoding="UTF-8"?>
<!-- Generated by org.testng.reporters.JUnitReportReporter -->
<testsuite hostname="DESKTOP-5EVK54D" failures="0" tests="1" name="serializeanddeserialize.CreateUser" time="7.032" errors="0" timestamp="2023-02-20T08:17:32 IST" skipped="0">
  <testcase classname="serializeanddeserialize.CreateUser" name="createUser" time="7.032"/>
  <system-out/>
</testsuite> <!-- serializeanddeserialize.CreateUser -->
