<?xml version="1.0" encoding="UTF-8"?>
<!-- Generated by org.testng.reporters.JUnitReportReporter -->
<testsuite hostname="DESKTOP-5EVK54D" failures="0" tests="1" name="readjsonfromfile.ParseJsonFromFile" time="5.810" errors="0" timestamp="2023-02-20T08:38:41 IST" skipped="0">
  <testcase classname="readjsonfromfile.ParseJsonFromFile" name="createUserFromFile" time="5.810"/>
  <system-out/>
</testsuite> <!-- readjsonfromfile.ParseJsonFromFile -->
