<?xml version="1.0" encoding="UTF-8"?>
<!-- Generated by org.testng.reporters.JUnitReportReporter -->
<testsuite hostname="DESKTOP-5EVK54D" failures="0" tests="1" name="basic.Get_Inventory" time="5.528" errors="0" timestamp="2023-02-15T08:45:47 IST" skipped="0">
  <testcase classname="basic.Get_Inventory" name="getInventory" time="5.528"/>
  <system-out/>
</testsuite> <!-- basic.Get_Inventory -->
